# JRE version: OpenJDK Runtime Environment Temurin-21.0.7+6 (21.0.7+6) (build 21.0.7+6-LTS)
# Java VM: OpenJDK 64-Bit Server VM Temurin-21.0.7+6 (21.0.7+6-LTS, mixed mode, sharing, tiered, compressed oops, compressed class ptrs, parallel gc, windows-amd64)
GC Precious Log:
 CardTable entry size: 512
 CPUs: 12 total, 12 available
 Memory: 7830M
 Large Page Support: Disabled
 NUMA Support: Disabled
 Compressed Oops: Enabled (32-bit)
 Alignments: Space 512K, Generation 512K, Heap 2M
 Heap Min Capacity: 100M
 Heap Initial Capacity: 100M
 Heap Max Capacity: 1G
 Pre-touch: Disabled
 Parallel Workers: 10
Heap:
 PSYoungGen      total 20992K, used 4362K [0x00000000eab00000, 0x00000000ec180000, 0x0000000100000000)
  eden space 19968K, 16% used [0x00000000eab00000,0x00000000eae4e8c8,0x00000000ebe80000)
  from space 1024K, 95% used [0x00000000ec080000,0x00000000ec174030,0x00000000ec180000)
  to   space 1536K, 0% used [0x00000000ebe80000,0x00000000ebe80000,0x00000000ec000000)
 ParOldGen       total 68608K, used 30654K [0x00000000c0000000, 0x00000000c4300000, 0x00000000eab00000)
  object space 68608K, 44% used [0x00000000c0000000,0x00000000c1defaf8,0x00000000c4300000)
 Metaspace       used 42325K, committed 43264K, reserved 1114112K
  class space    used 4190K, committed 4672K, reserved 1048576K
GC Heap History (20 events):
Event: 13.469 GC heap before
{Heap before GC invocations=15 (full 1):
 PSYoungGen      total 23040K, used 22788K [0x00000000eab00000, 0x00000000ec600000, 0x0000000100000000)
  eden space 20480K, 100% used [0x00000000eab00000,0x00000000ebf00000,0x00000000ebf00000)
  from space 2560K, 90% used [0x00000000ebf00000,0x00000000ec141000,0x00000000ec180000)
  to   space 3584K, 0% used [0x00000000ec280000,0x00000000ec280000,0x00000000ec600000)
 ParOldGen       total 68608K, used 21933K [0x00000000c0000000, 0x00000000c4300000, 0x00000000eab00000)
  object space 68608K, 31% used [0x00000000c0000000,0x00000000c156b5e8,0x00000000c4300000)
 Metaspace       used 32318K, committed 33280K, reserved 1114112K
  class space    used 3208K, committed 3648K, reserved 1048576K
}
Event: 13.475 GC heap after
{Heap after GC invocations=15 (full 1):
 PSYoungGen      total 23040K, used 2208K [0x00000000eab00000, 0x00000000ec500000, 0x0000000100000000)
  eden space 20480K, 0% used [0x00000000eab00000,0x00000000eab00000,0x00000000ebf00000)
  from space 2560K, 86% used [0x00000000ec280000,0x00000000ec4a8000,0x00000000ec500000)
  to   space 2560K, 0% used [0x00000000ebf00000,0x00000000ebf00000,0x00000000ec180000)
 ParOldGen       total 68608K, used 24115K [0x00000000c0000000, 0x00000000c4300000, 0x00000000eab00000)
  object space 68608K, 35% used [0x00000000c0000000,0x00000000c178cc10,0x00000000c4300000)
 Metaspace       used 32318K, committed 33280K, reserved 1114112K
  class space    used 3208K, committed 3648K, reserved 1048576K
}
Event: 13.594 GC heap before
{Heap before GC invocations=16 (full 1):
 PSYoungGen      total 23040K, used 22688K [0x00000000eab00000, 0x00000000ec500000, 0x0000000100000000)
  eden space 20480K, 100% used [0x00000000eab00000,0x00000000ebf00000,0x00000000ebf00000)
  from space 2560K, 86% used [0x00000000ec280000,0x00000000ec4a8000,0x00000000ec500000)
  to   space 2560K, 0% used [0x00000000ebf00000,0x00000000ebf00000,0x00000000ec180000)
 ParOldGen       total 68608K, used 24115K [0x00000000c0000000, 0x00000000c4300000, 0x00000000eab00000)
  object space 68608K, 35% used [0x00000000c0000000,0x00000000c178cc10,0x00000000c4300000)
 Metaspace       used 32413K, committed 33408K, reserved 1114112K
  class space    used 3208K, committed 3648K, reserved 1048576K
}
Event: 13.600 GC heap after
{Heap after GC invocations=16 (full 1):
 PSYoungGen      total 23040K, used 2496K [0x00000000eab00000, 0x00000000ec400000, 0x0000000100000000)
  eden space 20480K, 0% used [0x00000000eab00000,0x00000000eab00000,0x00000000ebf00000)
  from space 2560K, 97% used [0x00000000ebf00000,0x00000000ec170010,0x00000000ec180000)
  to   space 2560K, 0% used [0x00000000ec180000,0x00000000ec180000,0x00000000ec400000)
 ParOldGen       total 68608K, used 26227K [0x00000000c0000000, 0x00000000c4300000, 0x00000000eab00000)
  object space 68608K, 38% used [0x00000000c0000000,0x00000000c199cc10,0x00000000c4300000)
 Metaspace       used 32413K, committed 33408K, reserved 1114112K
  class space    used 3208K, committed 3648K, reserved 1048576K
}
Event: 13.815 GC heap before
{Heap before GC invocations=17 (full 1):
 PSYoungGen      total 23040K, used 22955K [0x00000000eab00000, 0x00000000ec400000, 0x0000000100000000)
  eden space 20480K, 99% used [0x00000000eab00000,0x00000000ebefafc0,0x00000000ebf00000)
  from space 2560K, 97% used [0x00000000ebf00000,0x00000000ec170010,0x00000000ec180000)
  to   space 2560K, 0% used [0x00000000ec180000,0x00000000ec180000,0x00000000ec400000)
 ParOldGen       total 68608K, used 26227K [0x00000000c0000000, 0x00000000c4300000, 0x00000000eab00000)
  object space 68608K, 38% used [0x00000000c0000000,0x00000000c199cc10,0x00000000c4300000)
 Metaspace       used 33276K, committed 34240K, reserved 1114112K
  class space    used 3320K, committed 3712K, reserved 1048576K
}
Event: 13.820 GC heap after
{Heap after GC invocations=17 (full 1):
 PSYoungGen      total 23040K, used 1792K [0x00000000eab00000, 0x00000000ec400000, 0x0000000100000000)
  eden space 20480K, 0% used [0x00000000eab00000,0x00000000eab00000,0x00000000ebf00000)
  from space 2560K, 70% used [0x00000000ec180000,0x00000000ec340000,0x00000000ec400000)
  to   space 2560K, 0% used [0x00000000ebf00000,0x00000000ebf00000,0x00000000ec180000)
 ParOldGen       total 68608K, used 28635K [0x00000000c0000000, 0x00000000c4300000, 0x00000000eab00000)
  object space 68608K, 41% used [0x00000000c0000000,0x00000000c1bf6e20,0x00000000c4300000)
 Metaspace       used 33276K, committed 34240K, reserved 1114112K
  class space    used 3320K, committed 3712K, reserved 1048576K
}
Event: 14.549 GC heap before
{Heap before GC invocations=18 (full 1):
 PSYoungGen      total 23040K, used 21286K [0x00000000eab00000, 0x00000000ec400000, 0x0000000100000000)
  eden space 20480K, 95% used [0x00000000eab00000,0x00000000ebe09a28,0x00000000ebf00000)
  from space 2560K, 70% used [0x00000000ec180000,0x00000000ec340000,0x00000000ec400000)
  to   space 2560K, 0% used [0x00000000ebf00000,0x00000000ebf00000,0x00000000ec180000)
 ParOldGen       total 68608K, used 28635K [0x00000000c0000000, 0x00000000c4300000, 0x00000000eab00000)
  object space 68608K, 41% used [0x00000000c0000000,0x00000000c1bf6e20,0x00000000c4300000)
 Metaspace       used 34887K, committed 35840K, reserved 1114112K
  class space    used 3503K, committed 3904K, reserved 1048576K
}
Event: 14.552 GC heap after
{Heap after GC invocations=18 (full 1):
 PSYoungGen      total 21504K, used 839K [0x00000000eab00000, 0x00000000ec200000, 0x0000000100000000)
  eden space 20480K, 0% used [0x00000000eab00000,0x00000000eab00000,0x00000000ebf00000)
  from space 1024K, 82% used [0x00000000ebf00000,0x00000000ebfd1f30,0x00000000ec000000)
  to   space 1536K, 0% used [0x00000000ec080000,0x00000000ec080000,0x00000000ec200000)
 ParOldGen       total 68608K, used 30205K [0x00000000c0000000, 0x00000000c4300000, 0x00000000eab00000)
  object space 68608K, 44% used [0x00000000c0000000,0x00000000c1d7f7b8,0x00000000c4300000)
 Metaspace       used 34887K, committed 35840K, reserved 1114112K
  class space    used 3503K, committed 3904K, reserved 1048576K
}
Event: 14.552 GC heap before
{Heap before GC invocations=19 (full 2):
 PSYoungGen      total 21504K, used 839K [0x00000000eab00000, 0x00000000ec200000, 0x0000000100000000)
  eden space 20480K, 0% used [0x00000000eab00000,0x00000000eab00000,0x00000000ebf00000)
  from space 1024K, 82% used [0x00000000ebf00000,0x00000000ebfd1f30,0x00000000ec000000)
  to   space 1536K, 0% used [0x00000000ec080000,0x00000000ec080000,0x00000000ec200000)
 ParOldGen       total 68608K, used 30205K [0x00000000c0000000, 0x00000000c4300000, 0x00000000eab00000)
  object space 68608K, 44% used [0x00000000c0000000,0x00000000c1d7f7b8,0x00000000c4300000)
 Metaspace       used 34887K, committed 35840K, reserved 1114112K
  class space    used 3503K, committed 3904K, reserved 1048576K
}
Event: 14.616 GC heap after
{Heap after GC invocations=19 (full 2):
 PSYoungGen      total 21504K, used 0K [0x00000000eab00000, 0x00000000ec200000, 0x0000000100000000)
  eden space 20480K, 0% used [0x00000000eab00000,0x00000000eab00000,0x00000000ebf00000)
  from space 1024K, 0% used [0x00000000ebf00000,0x00000000ebf00000,0x00000000ec000000)
  to   space 1536K, 0% used [0x00000000ec080000,0x00000000ec080000,0x00000000ec200000)
 ParOldGen       total 68608K, used 28490K [0x00000000c0000000, 0x00000000c4300000, 0x00000000eab00000)
  object space 68608K, 41% used [0x00000000c0000000,0x00000000c1bd2a30,0x00000000c4300000)
 Metaspace       used 34786K, committed 35840K, reserved 1114112K
  class space    used 3474K, committed 3904K, reserved 1048576K
}
Event: 15.481 GC heap before
{Heap before GC invocations=20 (full 2):
 PSYoungGen      total 21504K, used 20480K [0x00000000eab00000, 0x00000000ec200000, 0x0000000100000000)
  eden space 20480K, 100% used [0x00000000eab00000,0x00000000ebf00000,0x00000000ebf00000)
  from space 1024K, 0% used [0x00000000ebf00000,0x00000000ebf00000,0x00000000ec000000)
  to   space 1536K, 0% used [0x00000000ec080000,0x00000000ec080000,0x00000000ec200000)
 ParOldGen       total 68608K, used 28490K [0x00000000c0000000, 0x00000000c4300000, 0x00000000eab00000)
  object space 68608K, 41% used [0x00000000c0000000,0x00000000c1bd2a30,0x00000000c4300000)
 Metaspace       used 36254K, committed 37184K, reserved 1114112K
  class space    used 3621K, committed 4032K, reserved 1048576K
}
Event: 15.483 GC heap after
{Heap after GC invocations=20 (full 2):
 PSYoungGen      total 21504K, used 839K [0x00000000eab00000, 0x00000000ec180000, 0x0000000100000000)
  eden space 20480K, 0% used [0x00000000eab00000,0x00000000eab00000,0x00000000ebf00000)
  from space 1024K, 82% used [0x00000000ec080000,0x00000000ec151f90,0x00000000ec180000)
  to   space 1024K, 0% used [0x00000000ebf00000,0x00000000ebf00000,0x00000000ec000000)
 ParOldGen       total 68608K, used 28498K [0x00000000c0000000, 0x00000000c4300000, 0x00000000eab00000)
  object space 68608K, 41% used [0x00000000c0000000,0x00000000c1bd4a30,0x00000000c4300000)
 Metaspace       used 36254K, committed 37184K, reserved 1114112K
  class space    used 3621K, committed 4032K, reserved 1048576K
}
Event: 16.454 GC heap before
{Heap before GC invocations=21 (full 2):
 PSYoungGen      total 21504K, used 21319K [0x00000000eab00000, 0x00000000ec180000, 0x0000000100000000)
  eden space 20480K, 100% used [0x00000000eab00000,0x00000000ebf00000,0x00000000ebf00000)
  from space 1024K, 82% used [0x00000000ec080000,0x00000000ec151f90,0x00000000ec180000)
  to   space 1024K, 0% used [0x00000000ebf00000,0x00000000ebf00000,0x00000000ec000000)
 ParOldGen       total 68608K, used 28498K [0x00000000c0000000, 0x00000000c4300000, 0x00000000eab00000)
  object space 68608K, 41% used [0x00000000c0000000,0x00000000c1bd4a30,0x00000000c4300000)
 Metaspace       used 39052K, committed 40064K, reserved 1114112K
  class space    used 3878K, committed 4352K, reserved 1048576K
}
Event: 16.455 GC heap after
{Heap after GC invocations=21 (full 2):
 PSYoungGen      total 21504K, used 1024K [0x00000000eab00000, 0x00000000ec300000, 0x0000000100000000)
  eden space 20480K, 0% used [0x00000000eab00000,0x00000000eab00000,0x00000000ebf00000)
  from space 1024K, 100% used [0x00000000ebf00000,0x00000000ec000000,0x00000000ec000000)
  to   space 2048K, 0% used [0x00000000ec100000,0x00000000ec100000,0x00000000ec300000)
 ParOldGen       total 68608K, used 28970K [0x00000000c0000000, 0x00000000c4300000, 0x00000000eab00000)
  object space 68608K, 42% used [0x00000000c0000000,0x00000000c1c4aa40,0x00000000c4300000)
 Metaspace       used 39052K, committed 40064K, reserved 1114112K
  class space    used 3878K, committed 4352K, reserved 1048576K
}
Event: 16.631 GC heap before
{Heap before GC invocations=22 (full 2):
 PSYoungGen      total 21504K, used 21504K [0x00000000eab00000, 0x00000000ec300000, 0x0000000100000000)
  eden space 20480K, 100% used [0x00000000eab00000,0x00000000ebf00000,0x00000000ebf00000)
  from space 1024K, 100% used [0x00000000ebf00000,0x00000000ec000000,0x00000000ec000000)
  to   space 2048K, 0% used [0x00000000ec100000,0x00000000ec100000,0x00000000ec300000)
 ParOldGen       total 68608K, used 28970K [0x00000000c0000000, 0x00000000c4300000, 0x00000000eab00000)
  object space 68608K, 42% used [0x00000000c0000000,0x00000000c1c4aa40,0x00000000c4300000)
 Metaspace       used 39540K, committed 40576K, reserved 1114112K
  class space    used 3927K, committed 4416K, reserved 1048576K
}
Event: 16.633 GC heap after
{Heap after GC invocations=22 (full 2):
 PSYoungGen      total 22016K, used 1979K [0x00000000eab00000, 0x00000000ec400000, 0x0000000100000000)
  eden space 19968K, 0% used [0x00000000eab00000,0x00000000eab00000,0x00000000ebe80000)
  from space 2048K, 96% used [0x00000000ec100000,0x00000000ec2eec50,0x00000000ec300000)
  to   space 2560K, 0% used [0x00000000ebe80000,0x00000000ebe80000,0x00000000ec100000)
 ParOldGen       total 68608K, used 29945K [0x00000000c0000000, 0x00000000c4300000, 0x00000000eab00000)
  object space 68608K, 43% used [0x00000000c0000000,0x00000000c1d3e4d8,0x00000000c4300000)
 Metaspace       used 39540K, committed 40576K, reserved 1114112K
  class space    used 3927K, committed 4416K, reserved 1048576K
}
Event: 16.735 GC heap before
{Heap before GC invocations=23 (full 2):
 PSYoungGen      total 22016K, used 21947K [0x00000000eab00000, 0x00000000ec400000, 0x0000000100000000)
  eden space 19968K, 100% used [0x00000000eab00000,0x00000000ebe80000,0x00000000ebe80000)
  from space 2048K, 96% used [0x00000000ec100000,0x00000000ec2eec50,0x00000000ec300000)
  to   space 2560K, 0% used [0x00000000ebe80000,0x00000000ebe80000,0x00000000ec100000)
 ParOldGen       total 68608K, used 29945K [0x00000000c0000000, 0x00000000c4300000, 0x00000000eab00000)
  object space 68608K, 43% used [0x00000000c0000000,0x00000000c1d3e4d8,0x00000000c4300000)
 Metaspace       used 40049K, committed 41024K, reserved 1114112K
  class space    used 3967K, committed 4416K, reserved 1048576K
}
Event: 16.738 GC heap after
{Heap after GC invocations=23 (full 2):
 PSYoungGen      total 20480K, used 96K [0x00000000eab00000, 0x00000000ec180000, 0x0000000100000000)
  eden space 19968K, 0% used [0x00000000eab00000,0x00000000eab00000,0x00000000ebe80000)
  from space 512K, 18% used [0x00000000ebe80000,0x00000000ebe98000,0x00000000ebf00000)
  to   space 1024K, 0% used [0x00000000ec080000,0x00000000ec080000,0x00000000ec180000)
 ParOldGen       total 68608K, used 30598K [0x00000000c0000000, 0x00000000c4300000, 0x00000000eab00000)
  object space 68608K, 44% used [0x00000000c0000000,0x00000000c1de1af8,0x00000000c4300000)
 Metaspace       used 40049K, committed 41024K, reserved 1114112K
  class space    used 3967K, committed 4416K, reserved 1048576K
}
Event: 17.302 GC heap before
{Heap before GC invocations=24 (full 2):
 PSYoungGen      total 20480K, used 20064K [0x00000000eab00000, 0x00000000ec180000, 0x0000000100000000)
  eden space 19968K, 100% used [0x00000000eab00000,0x00000000ebe80000,0x00000000ebe80000)
  from space 512K, 18% used [0x00000000ebe80000,0x00000000ebe98000,0x00000000ebf00000)
  to   space 1024K, 0% used [0x00000000ec080000,0x00000000ec080000,0x00000000ec180000)
 ParOldGen       total 68608K, used 30598K [0x00000000c0000000, 0x00000000c4300000, 0x00000000eab00000)
  object space 68608K, 44% used [0x00000000c0000000,0x00000000c1de1af8,0x00000000c4300000)
 Metaspace       used 42045K, committed 43008K, reserved 1114112K
  class space    used 4151K, committed 4608K, reserved 1048576K
}
Event: 17.304 GC heap after
{Heap after GC invocations=24 (full 2):
 PSYoungGen      total 20992K, used 976K [0x00000000eab00000, 0x00000000ec180000, 0x0000000100000000)
  eden space 19968K, 0% used [0x00000000eab00000,0x00000000eab00000,0x00000000ebe80000)
  from space 1024K, 95% used [0x00000000ec080000,0x00000000ec174030,0x00000000ec180000)
  to   space 1536K, 0% used [0x00000000ebe80000,0x00000000ebe80000,0x00000000ec000000)
 ParOldGen       total 68608K, used 30654K [0x00000000c0000000, 0x00000000c4300000, 0x00000000eab00000)
  object space 68608K, 44% used [0x00000000c0000000,0x00000000c1defaf8,0x00000000c4300000)
 Metaspace       used 42045K, committed 43008K, reserved 1114112K
  class space    used 4151K, committed 4608K, reserved 1048576K
}

