# JRE version: OpenJDK Runtime Environment Temurin-21.0.7+6 (21.0.7+6) (build 21.0.7+6-LTS)
# Java VM: OpenJDK 64-Bit Server VM Temurin-21.0.7+6 (21.0.7+6-LTS, mixed mode, sharing, tiered, compressed oops, compressed class ptrs, parallel gc, windows-amd64)
GC Precious Log:
 CardTable entry size: 512
 CPUs: 12 total, 12 available
 Memory: 7830M
 Large Page Support: Disabled
 NUMA Support: Disabled
 Compressed Oops: Enabled (32-bit)
 Alignments: Space 512K, Generation 512K, Heap 2M
 Heap Min Capacity: 100M
 Heap Initial Capacity: 100M
 Heap Max Capacity: 1G
 Pre-touch: Disabled
 Parallel Workers: 10
Heap:
 PSYoungGen      total 23040K, used 17931K [0x00000000eab00000, 0x00000000ec980000, 0x0000000100000000)
  eden space 22016K, 76% used [0x00000000eab00000,0x00000000ebb8af08,0x00000000ec080000)
  from space 1024K, 96% used [0x00000000ec500000,0x00000000ec5f8030,0x00000000ec600000)
  to   space 4608K, 0% used [0x00000000ec080000,0x00000000ec080000,0x00000000ec500000)
 ParOldGen       total 68608K, used 24647K [0x00000000c0000000, 0x00000000c4300000, 0x00000000eab00000)
  object space 68608K, 35% used [0x00000000c0000000,0x00000000c1811da8,0x00000000c4300000)
 Metaspace       used 42983K, committed 44160K, reserved 1114112K
  class space    used 4500K, committed 5056K, reserved 1048576K
GC Heap History (20 events):
Event: 9.820 GC heap before
{Heap before GC invocations=11 (full 1):
 PSYoungGen      total 25088K, used 24594K [0x00000000eab00000, 0x00000000ec880000, 0x0000000100000000)
  eden space 23552K, 100% used [0x00000000eab00000,0x00000000ec200000,0x00000000ec200000)
  from space 1536K, 67% used [0x00000000ec400000,0x00000000ec5048b8,0x00000000ec580000)
  to   space 2048K, 0% used [0x00000000ec680000,0x00000000ec680000,0x00000000ec880000)
 ParOldGen       total 68608K, used 12763K [0x00000000c0000000, 0x00000000c4300000, 0x00000000eab00000)
  object space 68608K, 18% used [0x00000000c0000000,0x00000000c0c76f80,0x00000000c4300000)
 Metaspace       used 28963K, committed 29760K, reserved 1114112K
  class space    used 2918K, committed 3264K, reserved 1048576K
}
Event: 9.821 GC heap after
{Heap after GC invocations=11 (full 1):
 PSYoungGen      total 24064K, used 867K [0x00000000eab00000, 0x00000000ec780000, 0x0000000100000000)
  eden space 23040K, 0% used [0x00000000eab00000,0x00000000eab00000,0x00000000ec180000)
  from space 1024K, 84% used [0x00000000ec680000,0x00000000ec758f28,0x00000000ec780000)
  to   space 1536K, 0% used [0x00000000ec480000,0x00000000ec480000,0x00000000ec600000)
 ParOldGen       total 68608K, used 13425K [0x00000000c0000000, 0x00000000c4300000, 0x00000000eab00000)
  object space 68608K, 19% used [0x00000000c0000000,0x00000000c0d1c488,0x00000000c4300000)
 Metaspace       used 28963K, committed 29760K, reserved 1114112K
  class space    used 2918K, committed 3264K, reserved 1048576K
}
Event: 10.043 GC heap before
{Heap before GC invocations=12 (full 1):
 PSYoungGen      total 24064K, used 23907K [0x00000000eab00000, 0x00000000ec780000, 0x0000000100000000)
  eden space 23040K, 100% used [0x00000000eab00000,0x00000000ec180000,0x00000000ec180000)
  from space 1024K, 84% used [0x00000000ec680000,0x00000000ec758f28,0x00000000ec780000)
  to   space 1536K, 0% used [0x00000000ec480000,0x00000000ec480000,0x00000000ec600000)
 ParOldGen       total 68608K, used 13425K [0x00000000c0000000, 0x00000000c4300000, 0x00000000eab00000)
  object space 68608K, 19% used [0x00000000c0000000,0x00000000c0d1c488,0x00000000c4300000)
 Metaspace       used 30064K, committed 30912K, reserved 1114112K
  class space    used 3013K, committed 3392K, reserved 1048576K
}
Event: 10.045 GC heap after
{Heap after GC invocations=12 (full 1):
 PSYoungGen      total 24064K, used 1467K [0x00000000eab00000, 0x00000000ec700000, 0x0000000100000000)
  eden space 22528K, 0% used [0x00000000eab00000,0x00000000eab00000,0x00000000ec100000)
  from space 1536K, 95% used [0x00000000ec480000,0x00000000ec5eeda0,0x00000000ec600000)
  to   space 1024K, 0% used [0x00000000ec600000,0x00000000ec600000,0x00000000ec700000)
 ParOldGen       total 68608K, used 14760K [0x00000000c0000000, 0x00000000c4300000, 0x00000000eab00000)
  object space 68608K, 21% used [0x00000000c0000000,0x00000000c0e6a328,0x00000000c4300000)
 Metaspace       used 30064K, committed 30912K, reserved 1114112K
  class space    used 3013K, committed 3392K, reserved 1048576K
}
Event: 10.417 GC heap before
{Heap before GC invocations=13 (full 1):
 PSYoungGen      total 24064K, used 23952K [0x00000000eab00000, 0x00000000ec700000, 0x0000000100000000)
  eden space 22528K, 99% used [0x00000000eab00000,0x00000000ec0f5460,0x00000000ec100000)
  from space 1536K, 95% used [0x00000000ec480000,0x00000000ec5eeda0,0x00000000ec600000)
  to   space 1024K, 0% used [0x00000000ec600000,0x00000000ec600000,0x00000000ec700000)
 ParOldGen       total 68608K, used 14760K [0x00000000c0000000, 0x00000000c4300000, 0x00000000eab00000)
  object space 68608K, 21% used [0x00000000c0000000,0x00000000c0e6a328,0x00000000c4300000)
 Metaspace       used 32104K, committed 32960K, reserved 1114112K
  class space    used 3225K, committed 3584K, reserved 1048576K
}
Event: 10.420 GC heap after
{Heap after GC invocations=13 (full 1):
 PSYoungGen      total 23040K, used 1024K [0x00000000eab00000, 0x00000000ec700000, 0x0000000100000000)
  eden space 22016K, 0% used [0x00000000eab00000,0x00000000eab00000,0x00000000ec080000)
  from space 1024K, 100% used [0x00000000ec600000,0x00000000ec700000,0x00000000ec700000)
  to   space 1536K, 0% used [0x00000000ec400000,0x00000000ec400000,0x00000000ec580000)
 ParOldGen       total 68608K, used 15972K [0x00000000c0000000, 0x00000000c4300000, 0x00000000eab00000)
  object space 68608K, 23% used [0x00000000c0000000,0x00000000c0f99058,0x00000000c4300000)
 Metaspace       used 32104K, committed 32960K, reserved 1114112K
  class space    used 3225K, committed 3584K, reserved 1048576K
}
Event: 10.655 GC heap before
{Heap before GC invocations=14 (full 1):
 PSYoungGen      total 23040K, used 23040K [0x00000000eab00000, 0x00000000ec700000, 0x0000000100000000)
  eden space 22016K, 100% used [0x00000000eab00000,0x00000000ec080000,0x00000000ec080000)
  from space 1024K, 100% used [0x00000000ec600000,0x00000000ec700000,0x00000000ec700000)
  to   space 1536K, 0% used [0x00000000ec400000,0x00000000ec400000,0x00000000ec580000)
 ParOldGen       total 68608K, used 15972K [0x00000000c0000000, 0x00000000c4300000, 0x00000000eab00000)
  object space 68608K, 23% used [0x00000000c0000000,0x00000000c0f99058,0x00000000c4300000)
 Metaspace       used 33605K, committed 34496K, reserved 1114112K
  class space    used 3411K, committed 3776K, reserved 1048576K
}
Event: 10.657 GC heap after
{Heap after GC invocations=14 (full 1):
 PSYoungGen      total 23552K, used 1208K [0x00000000eab00000, 0x00000000ec680000, 0x0000000100000000)
  eden space 22016K, 0% used [0x00000000eab00000,0x00000000eab00000,0x00000000ec080000)
  from space 1536K, 78% used [0x00000000ec400000,0x00000000ec52e080,0x00000000ec580000)
  to   space 1024K, 0% used [0x00000000ec580000,0x00000000ec580000,0x00000000ec680000)
 ParOldGen       total 68608K, used 16828K [0x00000000c0000000, 0x00000000c4300000, 0x00000000eab00000)
  object space 68608K, 24% used [0x00000000c0000000,0x00000000c106f058,0x00000000c4300000)
 Metaspace       used 33605K, committed 34496K, reserved 1114112K
  class space    used 3411K, committed 3776K, reserved 1048576K
}
Event: 10.739 GC heap before
{Heap before GC invocations=15 (full 1):
 PSYoungGen      total 23552K, used 10222K [0x00000000eab00000, 0x00000000ec680000, 0x0000000100000000)
  eden space 22016K, 40% used [0x00000000eab00000,0x00000000eb3cd940,0x00000000ec080000)
  from space 1536K, 78% used [0x00000000ec400000,0x00000000ec52e080,0x00000000ec580000)
  to   space 1024K, 0% used [0x00000000ec580000,0x00000000ec580000,0x00000000ec680000)
 ParOldGen       total 68608K, used 16828K [0x00000000c0000000, 0x00000000c4300000, 0x00000000eab00000)
  object space 68608K, 24% used [0x00000000c0000000,0x00000000c106f058,0x00000000c4300000)
 Metaspace       used 34846K, committed 35840K, reserved 1114112K
  class space    used 3517K, committed 3968K, reserved 1048576K
}
Event: 10.741 GC heap after
{Heap after GC invocations=15 (full 1):
 PSYoungGen      total 23040K, used 836K [0x00000000eab00000, 0x00000000ec680000, 0x0000000100000000)
  eden space 22016K, 0% used [0x00000000eab00000,0x00000000eab00000,0x00000000ec080000)
  from space 1024K, 81% used [0x00000000ec580000,0x00000000ec6511e0,0x00000000ec680000)
  to   space 1024K, 0% used [0x00000000ec480000,0x00000000ec480000,0x00000000ec580000)
 ParOldGen       total 68608K, used 17674K [0x00000000c0000000, 0x00000000c4300000, 0x00000000eab00000)
  object space 68608K, 25% used [0x00000000c0000000,0x00000000c1142950,0x00000000c4300000)
 Metaspace       used 34846K, committed 35840K, reserved 1114112K
  class space    used 3517K, committed 3968K, reserved 1048576K
}
Event: 10.741 GC heap before
{Heap before GC invocations=16 (full 2):
 PSYoungGen      total 23040K, used 836K [0x00000000eab00000, 0x00000000ec680000, 0x0000000100000000)
  eden space 22016K, 0% used [0x00000000eab00000,0x00000000eab00000,0x00000000ec080000)
  from space 1024K, 81% used [0x00000000ec580000,0x00000000ec6511e0,0x00000000ec680000)
  to   space 1024K, 0% used [0x00000000ec480000,0x00000000ec480000,0x00000000ec580000)
 ParOldGen       total 68608K, used 17674K [0x00000000c0000000, 0x00000000c4300000, 0x00000000eab00000)
  object space 68608K, 25% used [0x00000000c0000000,0x00000000c1142950,0x00000000c4300000)
 Metaspace       used 34846K, committed 35840K, reserved 1114112K
  class space    used 3517K, committed 3968K, reserved 1048576K
}
Event: 10.773 GC heap after
{Heap after GC invocations=16 (full 2):
 PSYoungGen      total 23040K, used 0K [0x00000000eab00000, 0x00000000ec680000, 0x0000000100000000)
  eden space 22016K, 0% used [0x00000000eab00000,0x00000000eab00000,0x00000000ec080000)
  from space 1024K, 0% used [0x00000000ec580000,0x00000000ec580000,0x00000000ec680000)
  to   space 1024K, 0% used [0x00000000ec480000,0x00000000ec480000,0x00000000ec580000)
 ParOldGen       total 68608K, used 17763K [0x00000000c0000000, 0x00000000c4300000, 0x00000000eab00000)
  object space 68608K, 25% used [0x00000000c0000000,0x00000000c1158db0,0x00000000c4300000)
 Metaspace       used 34846K, committed 35840K, reserved 1114112K
  class space    used 3517K, committed 3968K, reserved 1048576K
}
Event: 10.975 GC heap before
{Heap before GC invocations=17 (full 2):
 PSYoungGen      total 23040K, used 20737K [0x00000000eab00000, 0x00000000ec680000, 0x0000000100000000)
  eden space 22016K, 94% used [0x00000000eab00000,0x00000000ebf407f8,0x00000000ec080000)
  from space 1024K, 0% used [0x00000000ec580000,0x00000000ec580000,0x00000000ec680000)
  to   space 1024K, 0% used [0x00000000ec480000,0x00000000ec480000,0x00000000ec580000)
 ParOldGen       total 68608K, used 17763K [0x00000000c0000000, 0x00000000c4300000, 0x00000000eab00000)
  object space 68608K, 25% used [0x00000000c0000000,0x00000000c1158db0,0x00000000c4300000)
 Metaspace       used 36894K, committed 37952K, reserved 1114112K
  class space    used 3767K, committed 4224K, reserved 1048576K
}
Event: 10.978 GC heap after
{Heap after GC invocations=17 (full 2):
 PSYoungGen      total 23040K, used 1015K [0x00000000eab00000, 0x00000000ec780000, 0x0000000100000000)
  eden space 22016K, 0% used [0x00000000eab00000,0x00000000eab00000,0x00000000ec080000)
  from space 1024K, 99% used [0x00000000ec480000,0x00000000ec57ddb8,0x00000000ec580000)
  to   space 2048K, 0% used [0x00000000ec580000,0x00000000ec580000,0x00000000ec780000)
 ParOldGen       total 68608K, used 19916K [0x00000000c0000000, 0x00000000c4300000, 0x00000000eab00000)
  object space 68608K, 29% used [0x00000000c0000000,0x00000000c1373148,0x00000000c4300000)
 Metaspace       used 36894K, committed 37952K, reserved 1114112K
  class space    used 3767K, committed 4224K, reserved 1048576K
}
Event: 11.150 GC heap before
{Heap before GC invocations=18 (full 2):
 PSYoungGen      total 23040K, used 23031K [0x00000000eab00000, 0x00000000ec780000, 0x0000000100000000)
  eden space 22016K, 99% used [0x00000000eab00000,0x00000000ec07ffe8,0x00000000ec080000)
  from space 1024K, 99% used [0x00000000ec480000,0x00000000ec57ddb8,0x00000000ec580000)
  to   space 2048K, 0% used [0x00000000ec580000,0x00000000ec580000,0x00000000ec780000)
 ParOldGen       total 68608K, used 19916K [0x00000000c0000000, 0x00000000c4300000, 0x00000000eab00000)
  object space 68608K, 29% used [0x00000000c0000000,0x00000000c1373148,0x00000000c4300000)
 Metaspace       used 38988K, committed 40064K, reserved 1114112K
  class space    used 4012K, committed 4480K, reserved 1048576K
}
Event: 11.151 GC heap after
{Heap after GC invocations=18 (full 2):
 PSYoungGen      total 24064K, used 1774K [0x00000000eab00000, 0x00000000ec780000, 0x0000000100000000)
  eden space 22016K, 0% used [0x00000000eab00000,0x00000000eab00000,0x00000000ec080000)
  from space 2048K, 86% used [0x00000000ec580000,0x00000000ec73b948,0x00000000ec780000)
  to   space 2560K, 0% used [0x00000000ec280000,0x00000000ec280000,0x00000000ec500000)
 ParOldGen       total 68608K, used 20233K [0x00000000c0000000, 0x00000000c4300000, 0x00000000eab00000)
  object space 68608K, 29% used [0x00000000c0000000,0x00000000c13c2538,0x00000000c4300000)
 Metaspace       used 38988K, committed 40064K, reserved 1114112K
  class space    used 4012K, committed 4480K, reserved 1048576K
}
Event: 11.334 GC heap before
{Heap before GC invocations=19 (full 2):
 PSYoungGen      total 24064K, used 23790K [0x00000000eab00000, 0x00000000ec780000, 0x0000000100000000)
  eden space 22016K, 100% used [0x00000000eab00000,0x00000000ec080000,0x00000000ec080000)
  from space 2048K, 86% used [0x00000000ec580000,0x00000000ec73b948,0x00000000ec780000)
  to   space 2560K, 0% used [0x00000000ec280000,0x00000000ec280000,0x00000000ec500000)
 ParOldGen       total 68608K, used 20233K [0x00000000c0000000, 0x00000000c4300000, 0x00000000eab00000)
  object space 68608K, 29% used [0x00000000c0000000,0x00000000c13c2538,0x00000000c4300000)
 Metaspace       used 41393K, committed 42560K, reserved 1114112K
  class space    used 4296K, committed 4800K, reserved 1048576K
}
Event: 11.338 GC heap after
{Heap after GC invocations=19 (full 2):
 PSYoungGen      total 24576K, used 2128K [0x00000000eab00000, 0x00000000ec600000, 0x0000000100000000)
  eden space 22016K, 0% used [0x00000000eab00000,0x00000000eab00000,0x00000000ec080000)
  from space 2560K, 83% used [0x00000000ec280000,0x00000000ec494010,0x00000000ec500000)
  to   space 1024K, 0% used [0x00000000ec500000,0x00000000ec500000,0x00000000ec600000)
 ParOldGen       total 68608K, used 21599K [0x00000000c0000000, 0x00000000c4300000, 0x00000000eab00000)
  object space 68608K, 31% used [0x00000000c0000000,0x00000000c1517d78,0x00000000c4300000)
 Metaspace       used 41393K, committed 42560K, reserved 1114112K
  class space    used 4296K, committed 4800K, reserved 1048576K
}
Event: 11.462 GC heap before
{Heap before GC invocations=20 (full 2):
 PSYoungGen      total 24576K, used 24144K [0x00000000eab00000, 0x00000000ec600000, 0x0000000100000000)
  eden space 22016K, 100% used [0x00000000eab00000,0x00000000ec080000,0x00000000ec080000)
  from space 2560K, 83% used [0x00000000ec280000,0x00000000ec494010,0x00000000ec500000)
  to   space 1024K, 0% used [0x00000000ec500000,0x00000000ec500000,0x00000000ec600000)
 ParOldGen       total 68608K, used 21599K [0x00000000c0000000, 0x00000000c4300000, 0x00000000eab00000)
  object space 68608K, 31% used [0x00000000c0000000,0x00000000c1517d78,0x00000000c4300000)
 Metaspace       used 42320K, committed 43456K, reserved 1114112K
  class space    used 4412K, committed 4928K, reserved 1048576K
}
Event: 11.468 GC heap after
{Heap after GC invocations=20 (full 2):
 PSYoungGen      total 23040K, used 992K [0x00000000eab00000, 0x00000000ec980000, 0x0000000100000000)
  eden space 22016K, 0% used [0x00000000eab00000,0x00000000eab00000,0x00000000ec080000)
  from space 1024K, 96% used [0x00000000ec500000,0x00000000ec5f8030,0x00000000ec600000)
  to   space 4608K, 0% used [0x00000000ec080000,0x00000000ec080000,0x00000000ec500000)
 ParOldGen       total 68608K, used 24647K [0x00000000c0000000, 0x00000000c4300000, 0x00000000eab00000)
  object space 68608K, 35% used [0x00000000c0000000,0x00000000c1811da8,0x00000000c4300000)
 Metaspace       used 42320K, committed 43456K, reserved 1114112K
  class space    used 4412K, committed 4928K, reserved 1048576K
}

