# JRE version: OpenJDK Runtime Environment Temurin-21.0.7+6 (21.0.7+6) (build 21.0.7+6-LTS)
# Java VM: OpenJDK 64-Bit Server VM Temurin-21.0.7+6 (21.0.7+6-LTS, mixed mode, sharing, tiered, compressed oops, compressed class ptrs, parallel gc, windows-amd64)
GC Precious Log:
 CardTable entry size: 512
 CPUs: 12 total, 12 available
 Memory: 7830M
 Large Page Support: Disabled
 NUMA Support: Disabled
 Compressed Oops: Enabled (32-bit)
 Alignments: Space 512K, Generation 512K, Heap 2M
 Heap Min Capacity: 100M
 Heap Initial Capacity: 100M
 Heap Max Capacity: 1G
 Pre-touch: Disabled
 Parallel Workers: 10
Heap:
 PSYoungGen      total 19968K, used 2247K [0x00000000eab00000, 0x00000000ec380000, 0x0000000100000000)
  eden space 18944K, 6% used [0x00000000eab00000,0x00000000eac36568,0x00000000ebd80000)
  from space 1024K, 98% used [0x00000000ec000000,0x00000000ec0fba40,0x00000000ec100000)
  to   space 2560K, 0% used [0x00000000ebd80000,0x00000000ebd80000,0x00000000ec000000)
 ParOldGen       total 68608K, used 29636K [0x00000000c0000000, 0x00000000c4300000, 0x00000000eab00000)
  object space 68608K, 43% used [0x00000000c0000000,0x00000000c1cf12f0,0x00000000c4300000)
 Metaspace       used 39053K, committed 40064K, reserved 1114112K
  class space    used 3876K, committed 4352K, reserved 1048576K
GC Heap History (20 events):
Event: 13.936 GC heap before
{Heap before GC invocations=12 (full 1):
 PSYoungGen      total 25600K, used 25111K [0x00000000eab00000, 0x00000000ec980000, 0x0000000100000000)
  eden space 22016K, 100% used [0x00000000eab00000,0x00000000ec080000,0x00000000ec080000)
  from space 3584K, 86% used [0x00000000ec600000,0x00000000ec905d08,0x00000000ec980000)
  to   space 4096K, 0% used [0x00000000ec180000,0x00000000ec180000,0x00000000ec580000)
 ParOldGen       total 68608K, used 13416K [0x00000000c0000000, 0x00000000c4300000, 0x00000000eab00000)
  object space 68608K, 19% used [0x00000000c0000000,0x00000000c0d1a0d0,0x00000000c4300000)
 Metaspace       used 32027K, committed 32960K, reserved 1114112K
  class space    used 3166K, committed 3584K, reserved 1048576K
}
Event: 13.943 GC heap after
{Heap after GC invocations=12 (full 1):
 PSYoungGen      total 25088K, used 2833K [0x00000000eab00000, 0x00000000ec680000, 0x0000000100000000)
  eden space 22016K, 0% used [0x00000000eab00000,0x00000000eab00000,0x00000000ec080000)
  from space 3072K, 92% used [0x00000000ec180000,0x00000000ec444480,0x00000000ec480000)
  to   space 2048K, 0% used [0x00000000ec480000,0x00000000ec480000,0x00000000ec680000)
 ParOldGen       total 68608K, used 16346K [0x00000000c0000000, 0x00000000c4300000, 0x00000000eab00000)
  object space 68608K, 23% used [0x00000000c0000000,0x00000000c0ff69d8,0x00000000c4300000)
 Metaspace       used 32027K, committed 32960K, reserved 1114112K
  class space    used 3166K, committed 3584K, reserved 1048576K
}
Event: 14.054 GC heap before
{Heap before GC invocations=13 (full 1):
 PSYoungGen      total 25088K, used 24849K [0x00000000eab00000, 0x00000000ec680000, 0x0000000100000000)
  eden space 22016K, 100% used [0x00000000eab00000,0x00000000ec080000,0x00000000ec080000)
  from space 3072K, 92% used [0x00000000ec180000,0x00000000ec444480,0x00000000ec480000)
  to   space 2048K, 0% used [0x00000000ec480000,0x00000000ec480000,0x00000000ec680000)
 ParOldGen       total 68608K, used 16346K [0x00000000c0000000, 0x00000000c4300000, 0x00000000eab00000)
  object space 68608K, 23% used [0x00000000c0000000,0x00000000c0ff69d8,0x00000000c4300000)
 Metaspace       used 32054K, committed 33024K, reserved 1114112K
  class space    used 3167K, committed 3584K, reserved 1048576K
}
Event: 14.060 GC heap after
{Heap after GC invocations=13 (full 1):
 PSYoungGen      total 22016K, used 2018K [0x00000000eab00000, 0x00000000ecc80000, 0x0000000100000000)
  eden space 19968K, 0% used [0x00000000eab00000,0x00000000eab00000,0x00000000ebe80000)
  from space 2048K, 98% used [0x00000000ec480000,0x00000000ec678850,0x00000000ec680000)
  to   space 6144K, 0% used [0x00000000ebe80000,0x00000000ebe80000,0x00000000ec480000)
 ParOldGen       total 68608K, used 19732K [0x00000000c0000000, 0x00000000c4300000, 0x00000000eab00000)
  object space 68608K, 28% used [0x00000000c0000000,0x00000000c13450f0,0x00000000c4300000)
 Metaspace       used 32054K, committed 33024K, reserved 1114112K
  class space    used 3167K, committed 3584K, reserved 1048576K
}
Event: 14.140 GC heap before
{Heap before GC invocations=14 (full 1):
 PSYoungGen      total 22016K, used 21986K [0x00000000eab00000, 0x00000000ecc80000, 0x0000000100000000)
  eden space 19968K, 100% used [0x00000000eab00000,0x00000000ebe80000,0x00000000ebe80000)
  from space 2048K, 98% used [0x00000000ec480000,0x00000000ec678850,0x00000000ec680000)
  to   space 6144K, 0% used [0x00000000ebe80000,0x00000000ebe80000,0x00000000ec480000)
 ParOldGen       total 68608K, used 19732K [0x00000000c0000000, 0x00000000c4300000, 0x00000000eab00000)
  object space 68608K, 28% used [0x00000000c0000000,0x00000000c13450f0,0x00000000c4300000)
 Metaspace       used 32092K, committed 33024K, reserved 1114112K
  class space    used 3169K, committed 3584K, reserved 1048576K
}
Event: 14.146 GC heap after
{Heap after GC invocations=14 (full 1):
 PSYoungGen      total 22528K, used 2308K [0x00000000eab00000, 0x00000000ec580000, 0x0000000100000000)
  eden space 19968K, 0% used [0x00000000eab00000,0x00000000eab00000,0x00000000ebe80000)
  from space 2560K, 90% used [0x00000000ebe80000,0x00000000ec0c1000,0x00000000ec100000)
  to   space 3584K, 0% used [0x00000000ec200000,0x00000000ec200000,0x00000000ec580000)
 ParOldGen       total 68608K, used 21674K [0x00000000c0000000, 0x00000000c4300000, 0x00000000eab00000)
  object space 68608K, 31% used [0x00000000c0000000,0x00000000c152aaf0,0x00000000c4300000)
 Metaspace       used 32092K, committed 33024K, reserved 1114112K
  class space    used 3169K, committed 3584K, reserved 1048576K
}
Event: 14.218 GC heap before
{Heap before GC invocations=15 (full 1):
 PSYoungGen      total 22528K, used 22276K [0x00000000eab00000, 0x00000000ec580000, 0x0000000100000000)
  eden space 19968K, 100% used [0x00000000eab00000,0x00000000ebe80000,0x00000000ebe80000)
  from space 2560K, 90% used [0x00000000ebe80000,0x00000000ec0c1000,0x00000000ec100000)
  to   space 3584K, 0% used [0x00000000ec200000,0x00000000ec200000,0x00000000ec580000)
 ParOldGen       total 68608K, used 21674K [0x00000000c0000000, 0x00000000c4300000, 0x00000000eab00000)
  object space 68608K, 31% used [0x00000000c0000000,0x00000000c152aaf0,0x00000000c4300000)
 Metaspace       used 32123K, committed 33088K, reserved 1114112K
  class space    used 3169K, committed 3584K, reserved 1048576K
}
Event: 14.223 GC heap after
{Heap after GC invocations=15 (full 1):
 PSYoungGen      total 22016K, used 2016K [0x00000000eab00000, 0x00000000ec400000, 0x0000000100000000)
  eden space 19968K, 0% used [0x00000000eab00000,0x00000000eab00000,0x00000000ebe80000)
  from space 2048K, 98% used [0x00000000ec200000,0x00000000ec3f8000,0x00000000ec400000)
  to   space 2560K, 0% used [0x00000000ebf00000,0x00000000ebf00000,0x00000000ec180000)
 ParOldGen       total 68608K, used 23890K [0x00000000c0000000, 0x00000000c4300000, 0x00000000eab00000)
  object space 68608K, 34% used [0x00000000c0000000,0x00000000c1754b68,0x00000000c4300000)
 Metaspace       used 32123K, committed 33088K, reserved 1114112K
  class space    used 3169K, committed 3584K, reserved 1048576K
}
Event: 14.328 GC heap before
{Heap before GC invocations=16 (full 1):
 PSYoungGen      total 22016K, used 21984K [0x00000000eab00000, 0x00000000ec400000, 0x0000000100000000)
  eden space 19968K, 100% used [0x00000000eab00000,0x00000000ebe80000,0x00000000ebe80000)
  from space 2048K, 98% used [0x00000000ec200000,0x00000000ec3f8000,0x00000000ec400000)
  to   space 2560K, 0% used [0x00000000ebf00000,0x00000000ebf00000,0x00000000ec180000)
 ParOldGen       total 68608K, used 23890K [0x00000000c0000000, 0x00000000c4300000, 0x00000000eab00000)
  object space 68608K, 34% used [0x00000000c0000000,0x00000000c1754b68,0x00000000c4300000)
 Metaspace       used 32220K, committed 33152K, reserved 1114112K
  class space    used 3169K, committed 3584K, reserved 1048576K
}
Event: 14.337 GC heap after
{Heap after GC invocations=16 (full 1):
 PSYoungGen      total 22528K, used 2552K [0x00000000eab00000, 0x00000000ec480000, 0x0000000100000000)
  eden space 19968K, 0% used [0x00000000eab00000,0x00000000eab00000,0x00000000ebe80000)
  from space 2560K, 99% used [0x00000000ebf00000,0x00000000ec17e210,0x00000000ec180000)
  to   space 3072K, 0% used [0x00000000ec180000,0x00000000ec180000,0x00000000ec480000)
 ParOldGen       total 68608K, used 25810K [0x00000000c0000000, 0x00000000c4300000, 0x00000000eab00000)
  object space 68608K, 37% used [0x00000000c0000000,0x00000000c1934b68,0x00000000c4300000)
 Metaspace       used 32220K, committed 33152K, reserved 1114112K
  class space    used 3169K, committed 3584K, reserved 1048576K
}
Event: 14.518 GC heap before
{Heap before GC invocations=17 (full 1):
 PSYoungGen      total 22528K, used 22520K [0x00000000eab00000, 0x00000000ec480000, 0x0000000100000000)
  eden space 19968K, 100% used [0x00000000eab00000,0x00000000ebe80000,0x00000000ebe80000)
  from space 2560K, 99% used [0x00000000ebf00000,0x00000000ec17e210,0x00000000ec180000)
  to   space 3072K, 0% used [0x00000000ec180000,0x00000000ec180000,0x00000000ec480000)
 ParOldGen       total 68608K, used 25810K [0x00000000c0000000, 0x00000000c4300000, 0x00000000eab00000)
  object space 68608K, 37% used [0x00000000c0000000,0x00000000c1934b68,0x00000000c4300000)
 Metaspace       used 32587K, committed 33472K, reserved 1114112K
  class space    used 3216K, committed 3584K, reserved 1048576K
}
Event: 14.524 GC heap after
{Heap after GC invocations=17 (full 1):
 PSYoungGen      total 22016K, used 1890K [0x00000000eab00000, 0x00000000ec380000, 0x0000000100000000)
  eden space 19968K, 0% used [0x00000000eab00000,0x00000000eab00000,0x00000000ebe80000)
  from space 2048K, 92% used [0x00000000ec180000,0x00000000ec3589e0,0x00000000ec380000)
  to   space 2560K, 0% used [0x00000000ebe80000,0x00000000ebe80000,0x00000000ec100000)
 ParOldGen       total 68608K, used 28195K [0x00000000c0000000, 0x00000000c4300000, 0x00000000eab00000)
  object space 68608K, 41% used [0x00000000c0000000,0x00000000c1b88d78,0x00000000c4300000)
 Metaspace       used 32587K, committed 33472K, reserved 1114112K
  class space    used 3216K, committed 3584K, reserved 1048576K
}
Event: 15.374 GC heap before
{Heap before GC invocations=18 (full 1):
 PSYoungGen      total 22016K, used 21858K [0x00000000eab00000, 0x00000000ec380000, 0x0000000100000000)
  eden space 19968K, 100% used [0x00000000eab00000,0x00000000ebe80000,0x00000000ebe80000)
  from space 2048K, 92% used [0x00000000ec180000,0x00000000ec3589e0,0x00000000ec380000)
  to   space 2560K, 0% used [0x00000000ebe80000,0x00000000ebe80000,0x00000000ec100000)
 ParOldGen       total 68608K, used 28195K [0x00000000c0000000, 0x00000000c4300000, 0x00000000eab00000)
  object space 68608K, 41% used [0x00000000c0000000,0x00000000c1b88d78,0x00000000c4300000)
 Metaspace       used 34629K, committed 35584K, reserved 1114112K
  class space    used 3452K, committed 3840K, reserved 1048576K
}
Event: 15.378 GC heap after
{Heap after GC invocations=18 (full 1):
 PSYoungGen      total 20992K, used 709K [0x00000000eab00000, 0x00000000ec200000, 0x0000000100000000)
  eden space 19968K, 0% used [0x00000000eab00000,0x00000000eab00000,0x00000000ebe80000)
  from space 1024K, 69% used [0x00000000ebe80000,0x00000000ebf31568,0x00000000ebf80000)
  to   space 1536K, 0% used [0x00000000ec080000,0x00000000ec080000,0x00000000ec200000)
 ParOldGen       total 68608K, used 29889K [0x00000000c0000000, 0x00000000c4300000, 0x00000000eab00000)
  object space 68608K, 43% used [0x00000000c0000000,0x00000000c1d30540,0x00000000c4300000)
 Metaspace       used 34629K, committed 35584K, reserved 1114112K
  class space    used 3452K, committed 3840K, reserved 1048576K
}
Event: 15.637 GC heap before
{Heap before GC invocations=19 (full 1):
 PSYoungGen      total 20992K, used 5928K [0x00000000eab00000, 0x00000000ec200000, 0x0000000100000000)
  eden space 19968K, 26% used [0x00000000eab00000,0x00000000eb018ab8,0x00000000ebe80000)
  from space 1024K, 69% used [0x00000000ebe80000,0x00000000ebf31568,0x00000000ebf80000)
  to   space 1536K, 0% used [0x00000000ec080000,0x00000000ec080000,0x00000000ec200000)
 ParOldGen       total 68608K, used 29889K [0x00000000c0000000, 0x00000000c4300000, 0x00000000eab00000)
  object space 68608K, 43% used [0x00000000c0000000,0x00000000c1d30540,0x00000000c4300000)
 Metaspace       used 34959K, committed 35840K, reserved 1114112K
  class space    used 3477K, committed 3840K, reserved 1048576K
}
Event: 15.639 GC heap after
{Heap after GC invocations=19 (full 1):
 PSYoungGen      total 20480K, used 288K [0x00000000eab00000, 0x00000000ec100000, 0x0000000100000000)
  eden space 19968K, 0% used [0x00000000eab00000,0x00000000eab00000,0x00000000ebe80000)
  from space 512K, 56% used [0x00000000ec080000,0x00000000ec0c8000,0x00000000ec100000)
  to   space 1024K, 0% used [0x00000000ebf00000,0x00000000ebf00000,0x00000000ec000000)
 ParOldGen       total 68608K, used 30457K [0x00000000c0000000, 0x00000000c4300000, 0x00000000eab00000)
  object space 68608K, 44% used [0x00000000c0000000,0x00000000c1dbe468,0x00000000c4300000)
 Metaspace       used 34959K, committed 35840K, reserved 1114112K
  class space    used 3477K, committed 3840K, reserved 1048576K
}
Event: 15.639 GC heap before
{Heap before GC invocations=20 (full 2):
 PSYoungGen      total 20480K, used 288K [0x00000000eab00000, 0x00000000ec100000, 0x0000000100000000)
  eden space 19968K, 0% used [0x00000000eab00000,0x00000000eab00000,0x00000000ebe80000)
  from space 512K, 56% used [0x00000000ec080000,0x00000000ec0c8000,0x00000000ec100000)
  to   space 1024K, 0% used [0x00000000ebf00000,0x00000000ebf00000,0x00000000ec000000)
 ParOldGen       total 68608K, used 30457K [0x00000000c0000000, 0x00000000c4300000, 0x00000000eab00000)
  object space 68608K, 44% used [0x00000000c0000000,0x00000000c1dbe468,0x00000000c4300000)
 Metaspace       used 34959K, committed 35840K, reserved 1114112K
  class space    used 3477K, committed 3840K, reserved 1048576K
}
Event: 15.686 GC heap after
{Heap after GC invocations=20 (full 2):
 PSYoungGen      total 20480K, used 0K [0x00000000eab00000, 0x00000000ec100000, 0x0000000100000000)
  eden space 19968K, 0% used [0x00000000eab00000,0x00000000eab00000,0x00000000ebe80000)
  from space 512K, 0% used [0x00000000ec080000,0x00000000ec080000,0x00000000ec100000)
  to   space 1024K, 0% used [0x00000000ebf00000,0x00000000ebf00000,0x00000000ec000000)
 ParOldGen       total 68608K, used 28595K [0x00000000c0000000, 0x00000000c4300000, 0x00000000eab00000)
  object space 68608K, 41% used [0x00000000c0000000,0x00000000c1bece98,0x00000000c4300000)
 Metaspace       used 34959K, committed 35840K, reserved 1114112K
  class space    used 3477K, committed 3840K, reserved 1048576K
}
Event: 16.177 GC heap before
{Heap before GC invocations=21 (full 2):
 PSYoungGen      total 20480K, used 19968K [0x00000000eab00000, 0x00000000ec100000, 0x0000000100000000)
  eden space 19968K, 100% used [0x00000000eab00000,0x00000000ebe80000,0x00000000ebe80000)
  from space 512K, 0% used [0x00000000ec080000,0x00000000ec080000,0x00000000ec100000)
  to   space 1024K, 0% used [0x00000000ebf00000,0x00000000ebf00000,0x00000000ec000000)
 ParOldGen       total 68608K, used 28595K [0x00000000c0000000, 0x00000000c4300000, 0x00000000eab00000)
  object space 68608K, 41% used [0x00000000c0000000,0x00000000c1bece98,0x00000000c4300000)
 Metaspace       used 36689K, committed 37696K, reserved 1114112K
  class space    used 3662K, committed 4096K, reserved 1048576K
}
Event: 16.179 GC heap after
{Heap after GC invocations=21 (full 2):
 PSYoungGen      total 20992K, used 576K [0x00000000eab00000, 0x00000000ec100000, 0x0000000100000000)
  eden space 19968K, 0% used [0x00000000eab00000,0x00000000eab00000,0x00000000ebe80000)
  from space 1024K, 56% used [0x00000000ebf00000,0x00000000ebf90000,0x00000000ec000000)
  to   space 1024K, 0% used [0x00000000ec000000,0x00000000ec000000,0x00000000ec100000)
 ParOldGen       total 68608K, used 28603K [0x00000000c0000000, 0x00000000c4300000, 0x00000000eab00000)
  object space 68608K, 41% used [0x00000000c0000000,0x00000000c1beee98,0x00000000c4300000)
 Metaspace       used 36689K, committed 37696K, reserved 1114112K
  class space    used 3662K, committed 4096K, reserved 1048576K
}

