# JRE version: OpenJDK Runtime Environment Temurin-21.0.7+6 (21.0.7+6) (build 21.0.7+6-LTS)
# Java VM: OpenJDK 64-Bit Server VM Temurin-21.0.7+6 (21.0.7+6-LTS, mixed mode, sharing, tiered, compressed oops, compressed class ptrs, parallel gc, windows-amd64)
GC Precious Log:
 CardTable entry size: 512
 CPUs: 12 total, 12 available
 Memory: 7830M
 Large Page Support: Disabled
 NUMA Support: Disabled
 Compressed Oops: Enabled (32-bit)
 Alignments: Space 512K, Generation 512K, Heap 2M
 Heap Min Capacity: 100M
 Heap Initial Capacity: 100M
 Heap Max Capacity: 1G
 Pre-touch: Disabled
 Parallel Workers: 10
Heap:
 PSYoungGen      total 6656K, used 1400K [0x00000000eab00000, 0x00000000eb300000, 0x0000000100000000)
  eden space 5120K, 0% used [0x00000000eab00000,0x00000000eab00000,0x00000000eb000000)
  from space 1536K, 91% used [0x00000000eb000000,0x00000000eb15e1d0,0x00000000eb180000)
  to   space 1536K, 0% used [0x00000000eb180000,0x00000000eb180000,0x00000000eb300000)
 ParOldGen       total 201216K, used 200812K [0x00000000c0000000, 0x00000000cc480000, 0x00000000eab00000)
  object space 201216K, 99% used [0x00000000c0000000,0x00000000cc41b1e0,0x00000000cc480000)
 Metaspace       used 49333K, committed 50560K, reserved 1114112K
  class space    used 5169K, committed 5696K, reserved 1048576K
GC Heap History (20 events):
Event: 15.729 GC heap after
{Heap after GC invocations=97 (full 2):
 PSYoungGen      total 7680K, used 947K [0x00000000eab00000, 0x00000000eb480000, 0x0000000100000000)
  eden space 6656K, 0% used [0x00000000eab00000,0x00000000eab00000,0x00000000eb180000)
  from space 1024K, 92% used [0x00000000eb180000,0x00000000eb26ccb0,0x00000000eb280000)
  to   space 1536K, 0% used [0x00000000eb300000,0x00000000eb300000,0x00000000eb480000)
 ParOldGen       total 188928K, used 188924K [0x00000000c0000000, 0x00000000cb880000, 0x00000000eab00000)
  object space 188928K, 99% used [0x00000000c0000000,0x00000000cb87f188,0x00000000cb880000)
 Metaspace       used 49333K, committed 50560K, reserved 1114112K
  class space    used 5169K, committed 5696K, reserved 1048576K
}
Event: 15.767 GC heap before
{Heap before GC invocations=98 (full 2):
 PSYoungGen      total 7680K, used 7603K [0x00000000eab00000, 0x00000000eb480000, 0x0000000100000000)
  eden space 6656K, 100% used [0x00000000eab00000,0x00000000eb180000,0x00000000eb180000)
  from space 1024K, 92% used [0x00000000eb180000,0x00000000eb26ccb0,0x00000000eb280000)
  to   space 1536K, 0% used [0x00000000eb300000,0x00000000eb300000,0x00000000eb480000)
 ParOldGen       total 188928K, used 188924K [0x00000000c0000000, 0x00000000cb880000, 0x00000000eab00000)
  object space 188928K, 99% used [0x00000000c0000000,0x00000000cb87f188,0x00000000cb880000)
 Metaspace       used 49333K, committed 50560K, reserved 1114112K
  class space    used 5169K, committed 5696K, reserved 1048576K
}
Event: 15.770 GC heap after
{Heap after GC invocations=98 (full 2):
 PSYoungGen      total 6656K, used 1515K [0x00000000eab00000, 0x00000000eb780000, 0x0000000100000000)
  eden space 5120K, 0% used [0x00000000eab00000,0x00000000eab00000,0x00000000eb000000)
  from space 1536K, 98% used [0x00000000eb300000,0x00000000eb47add8,0x00000000eb480000)
  to   space 3072K, 0% used [0x00000000eb000000,0x00000000eb000000,0x00000000eb300000)
 ParOldGen       total 189952K, used 189787K [0x00000000c0000000, 0x00000000cb980000, 0x00000000eab00000)
  object space 189952K, 99% used [0x00000000c0000000,0x00000000cb956d70,0x00000000cb980000)
 Metaspace       used 49333K, committed 50560K, reserved 1114112K
  class space    used 5169K, committed 5696K, reserved 1048576K
}
Event: 15.794 GC heap before
{Heap before GC invocations=99 (full 2):
 PSYoungGen      total 6656K, used 6635K [0x00000000eab00000, 0x00000000eb780000, 0x0000000100000000)
  eden space 5120K, 100% used [0x00000000eab00000,0x00000000eb000000,0x00000000eb000000)
  from space 1536K, 98% used [0x00000000eb300000,0x00000000eb47add8,0x00000000eb480000)
  to   space 3072K, 0% used [0x00000000eb000000,0x00000000eb000000,0x00000000eb300000)
 ParOldGen       total 189952K, used 189787K [0x00000000c0000000, 0x00000000cb980000, 0x00000000eab00000)
  object space 189952K, 99% used [0x00000000c0000000,0x00000000cb956d70,0x00000000cb980000)
 Metaspace       used 49333K, committed 50560K, reserved 1114112K
  class space    used 5169K, committed 5696K, reserved 1048576K
}
Event: 15.796 GC heap after
{Heap after GC invocations=99 (full 2):
 PSYoungGen      total 6656K, used 1171K [0x00000000eab00000, 0x00000000eb400000, 0x0000000100000000)
  eden space 5120K, 0% used [0x00000000eab00000,0x00000000eab00000,0x00000000eb000000)
  from space 1536K, 76% used [0x00000000eb000000,0x00000000eb124f60,0x00000000eb180000)
  to   space 2048K, 0% used [0x00000000eb200000,0x00000000eb200000,0x00000000eb400000)
 ParOldGen       total 191488K, used 191262K [0x00000000c0000000, 0x00000000cbb00000, 0x00000000eab00000)
  object space 191488K, 99% used [0x00000000c0000000,0x00000000cbac7908,0x00000000cbb00000)
 Metaspace       used 49333K, committed 50560K, reserved 1114112K
  class space    used 5169K, committed 5696K, reserved 1048576K
}
Event: 15.818 GC heap before
{Heap before GC invocations=100 (full 2):
 PSYoungGen      total 6656K, used 6291K [0x00000000eab00000, 0x00000000eb400000, 0x0000000100000000)
  eden space 5120K, 100% used [0x00000000eab00000,0x00000000eb000000,0x00000000eb000000)
  from space 1536K, 76% used [0x00000000eb000000,0x00000000eb124f60,0x00000000eb180000)
  to   space 2048K, 0% used [0x00000000eb200000,0x00000000eb200000,0x00000000eb400000)
 ParOldGen       total 191488K, used 191262K [0x00000000c0000000, 0x00000000cbb00000, 0x00000000eab00000)
  object space 191488K, 99% used [0x00000000c0000000,0x00000000cbac7908,0x00000000cbb00000)
 Metaspace       used 49333K, committed 50560K, reserved 1114112K
  class space    used 5169K, committed 5696K, reserved 1048576K
}
Event: 15.820 GC heap after
{Heap after GC invocations=100 (full 2):
 PSYoungGen      total 6656K, used 1429K [0x00000000eab00000, 0x00000000eb380000, 0x0000000100000000)
  eden space 5120K, 0% used [0x00000000eab00000,0x00000000eab00000,0x00000000eb000000)
  from space 1536K, 93% used [0x00000000eb200000,0x00000000eb365790,0x00000000eb380000)
  to   space 1536K, 0% used [0x00000000eb000000,0x00000000eb000000,0x00000000eb180000)
 ParOldGen       total 192512K, used 192225K [0x00000000c0000000, 0x00000000cbc00000, 0x00000000eab00000)
  object space 192512K, 99% used [0x00000000c0000000,0x00000000cbbb8798,0x00000000cbc00000)
 Metaspace       used 49333K, committed 50560K, reserved 1114112K
  class space    used 5169K, committed 5696K, reserved 1048576K
}
Event: 15.847 GC heap before
{Heap before GC invocations=101 (full 2):
 PSYoungGen      total 6656K, used 6549K [0x00000000eab00000, 0x00000000eb380000, 0x0000000100000000)
  eden space 5120K, 100% used [0x00000000eab00000,0x00000000eb000000,0x00000000eb000000)
  from space 1536K, 93% used [0x00000000eb200000,0x00000000eb365790,0x00000000eb380000)
  to   space 1536K, 0% used [0x00000000eb000000,0x00000000eb000000,0x00000000eb180000)
 ParOldGen       total 192512K, used 192225K [0x00000000c0000000, 0x00000000cbc00000, 0x00000000eab00000)
  object space 192512K, 99% used [0x00000000c0000000,0x00000000cbbb8798,0x00000000cbc00000)
 Metaspace       used 49333K, committed 50560K, reserved 1114112K
  class space    used 5169K, committed 5696K, reserved 1048576K
}
Event: 15.850 GC heap after
{Heap after GC invocations=101 (full 2):
 PSYoungGen      total 6656K, used 1387K [0x00000000eab00000, 0x00000000eb300000, 0x0000000100000000)
  eden space 5120K, 0% used [0x00000000eab00000,0x00000000eab00000,0x00000000eb000000)
  from space 1536K, 90% used [0x00000000eb000000,0x00000000eb15ae50,0x00000000eb180000)
  to   space 1536K, 0% used [0x00000000eb180000,0x00000000eb180000,0x00000000eb300000)
 ParOldGen       total 193536K, used 193474K [0x00000000c0000000, 0x00000000cbd00000, 0x00000000eab00000)
  object space 193536K, 99% used [0x00000000c0000000,0x00000000cbcf0a28,0x00000000cbd00000)
 Metaspace       used 49333K, committed 50560K, reserved 1114112K
  class space    used 5169K, committed 5696K, reserved 1048576K
}
Event: 15.881 GC heap before
{Heap before GC invocations=102 (full 2):
 PSYoungGen      total 6656K, used 6507K [0x00000000eab00000, 0x00000000eb300000, 0x0000000100000000)
  eden space 5120K, 100% used [0x00000000eab00000,0x00000000eb000000,0x00000000eb000000)
  from space 1536K, 90% used [0x00000000eb000000,0x00000000eb15ae50,0x00000000eb180000)
  to   space 1536K, 0% used [0x00000000eb180000,0x00000000eb180000,0x00000000eb300000)
 ParOldGen       total 193536K, used 193474K [0x00000000c0000000, 0x00000000cbd00000, 0x00000000eab00000)
  object space 193536K, 99% used [0x00000000c0000000,0x00000000cbcf0a28,0x00000000cbd00000)
 Metaspace       used 49333K, committed 50560K, reserved 1114112K
  class space    used 5169K, committed 5696K, reserved 1048576K
}
Event: 15.885 GC heap after
{Heap after GC invocations=102 (full 2):
 PSYoungGen      total 6656K, used 1407K [0x00000000eab00000, 0x00000000eb300000, 0x0000000100000000)
  eden space 5120K, 0% used [0x00000000eab00000,0x00000000eab00000,0x00000000eb000000)
  from space 1536K, 91% used [0x00000000eb180000,0x00000000eb2dfd78,0x00000000eb300000)
  to   space 1536K, 0% used [0x00000000eb000000,0x00000000eb000000,0x00000000eb180000)
 ParOldGen       total 195072K, used 194765K [0x00000000c0000000, 0x00000000cbe80000, 0x00000000eab00000)
  object space 195072K, 99% used [0x00000000c0000000,0x00000000cbe33628,0x00000000cbe80000)
 Metaspace       used 49333K, committed 50560K, reserved 1114112K
  class space    used 5169K, committed 5696K, reserved 1048576K
}
Event: 15.932 GC heap before
{Heap before GC invocations=103 (full 2):
 PSYoungGen      total 6656K, used 6527K [0x00000000eab00000, 0x00000000eb300000, 0x0000000100000000)
  eden space 5120K, 100% used [0x00000000eab00000,0x00000000eb000000,0x00000000eb000000)
  from space 1536K, 91% used [0x00000000eb180000,0x00000000eb2dfd78,0x00000000eb300000)
  to   space 1536K, 0% used [0x00000000eb000000,0x00000000eb000000,0x00000000eb180000)
 ParOldGen       total 195072K, used 194765K [0x00000000c0000000, 0x00000000cbe80000, 0x00000000eab00000)
  object space 195072K, 99% used [0x00000000c0000000,0x00000000cbe33628,0x00000000cbe80000)
 Metaspace       used 49333K, committed 50560K, reserved 1114112K
  class space    used 5169K, committed 5696K, reserved 1048576K
}
Event: 15.936 GC heap after
{Heap after GC invocations=103 (full 2):
 PSYoungGen      total 6656K, used 1350K [0x00000000eab00000, 0x00000000eb300000, 0x0000000100000000)
  eden space 5120K, 0% used [0x00000000eab00000,0x00000000eab00000,0x00000000eb000000)
  from space 1536K, 87% used [0x00000000eb000000,0x00000000eb1519c8,0x00000000eb180000)
  to   space 1536K, 0% used [0x00000000eb180000,0x00000000eb180000,0x00000000eb300000)
 ParOldGen       total 196096K, used 195971K [0x00000000c0000000, 0x00000000cbf80000, 0x00000000eab00000)
  object space 196096K, 99% used [0x00000000c0000000,0x00000000cbf60ce0,0x00000000cbf80000)
 Metaspace       used 49333K, committed 50560K, reserved 1114112K
  class space    used 5169K, committed 5696K, reserved 1048576K
}
Event: 15.994 GC heap before
{Heap before GC invocations=104 (full 2):
 PSYoungGen      total 6656K, used 6470K [0x00000000eab00000, 0x00000000eb300000, 0x0000000100000000)
  eden space 5120K, 100% used [0x00000000eab00000,0x00000000eb000000,0x00000000eb000000)
  from space 1536K, 87% used [0x00000000eb000000,0x00000000eb1519c8,0x00000000eb180000)
  to   space 1536K, 0% used [0x00000000eb180000,0x00000000eb180000,0x00000000eb300000)
 ParOldGen       total 196096K, used 195971K [0x00000000c0000000, 0x00000000cbf80000, 0x00000000eab00000)
  object space 196096K, 99% used [0x00000000c0000000,0x00000000cbf60ce0,0x00000000cbf80000)
 Metaspace       used 49333K, committed 50560K, reserved 1114112K
  class space    used 5169K, committed 5696K, reserved 1048576K
}
Event: 15.997 GC heap after
{Heap after GC invocations=104 (full 2):
 PSYoungGen      total 6656K, used 1500K [0x00000000eab00000, 0x00000000eb300000, 0x0000000100000000)
  eden space 5120K, 0% used [0x00000000eab00000,0x00000000eab00000,0x00000000eb000000)
  from space 1536K, 97% used [0x00000000eb180000,0x00000000eb2f70a0,0x00000000eb300000)
  to   space 1536K, 0% used [0x00000000eb000000,0x00000000eb000000,0x00000000eb180000)
 ParOldGen       total 197120K, used 197108K [0x00000000c0000000, 0x00000000cc080000, 0x00000000eab00000)
  object space 197120K, 99% used [0x00000000c0000000,0x00000000cc07d2d8,0x00000000cc080000)
 Metaspace       used 49333K, committed 50560K, reserved 1114112K
  class space    used 5169K, committed 5696K, reserved 1048576K
}
Event: 16.038 GC heap before
{Heap before GC invocations=105 (full 2):
 PSYoungGen      total 6656K, used 6620K [0x00000000eab00000, 0x00000000eb300000, 0x0000000100000000)
  eden space 5120K, 100% used [0x00000000eab00000,0x00000000eb000000,0x00000000eb000000)
  from space 1536K, 97% used [0x00000000eb180000,0x00000000eb2f70a0,0x00000000eb300000)
  to   space 1536K, 0% used [0x00000000eb000000,0x00000000eb000000,0x00000000eb180000)
 ParOldGen       total 197120K, used 197108K [0x00000000c0000000, 0x00000000cc080000, 0x00000000eab00000)
  object space 197120K, 99% used [0x00000000c0000000,0x00000000cc07d2d8,0x00000000cc080000)
 Metaspace       used 49333K, committed 50560K, reserved 1114112K
  class space    used 5169K, committed 5696K, reserved 1048576K
}
Event: 16.041 GC heap after
{Heap after GC invocations=105 (full 2):
 PSYoungGen      total 6656K, used 1277K [0x00000000eab00000, 0x00000000eb300000, 0x0000000100000000)
  eden space 5120K, 0% used [0x00000000eab00000,0x00000000eab00000,0x00000000eb000000)
  from space 1536K, 83% used [0x00000000eb000000,0x00000000eb13f498,0x00000000eb180000)
  to   space 1536K, 0% used [0x00000000eb180000,0x00000000eb180000,0x00000000eb300000)
 ParOldGen       total 198656K, used 198403K [0x00000000c0000000, 0x00000000cc200000, 0x00000000eab00000)
  object space 198656K, 99% used [0x00000000c0000000,0x00000000cc1c0d48,0x00000000cc200000)
 Metaspace       used 49333K, committed 50560K, reserved 1114112K
  class space    used 5169K, committed 5696K, reserved 1048576K
}
Event: 16.077 GC heap before
{Heap before GC invocations=106 (full 2):
 PSYoungGen      total 6656K, used 6397K [0x00000000eab00000, 0x00000000eb300000, 0x0000000100000000)
  eden space 5120K, 100% used [0x00000000eab00000,0x00000000eb000000,0x00000000eb000000)
  from space 1536K, 83% used [0x00000000eb000000,0x00000000eb13f498,0x00000000eb180000)
  to   space 1536K, 0% used [0x00000000eb180000,0x00000000eb180000,0x00000000eb300000)
 ParOldGen       total 198656K, used 198403K [0x00000000c0000000, 0x00000000cc200000, 0x00000000eab00000)
  object space 198656K, 99% used [0x00000000c0000000,0x00000000cc1c0d48,0x00000000cc200000)
 Metaspace       used 49333K, committed 50560K, reserved 1114112K
  class space    used 5169K, committed 5696K, reserved 1048576K
}
Event: 16.080 GC heap after
{Heap after GC invocations=106 (full 2):
 PSYoungGen      total 6656K, used 1393K [0x00000000eab00000, 0x00000000eb300000, 0x0000000100000000)
  eden space 5120K, 0% used [0x00000000eab00000,0x00000000eab00000,0x00000000eb000000)
  from space 1536K, 90% used [0x00000000eb180000,0x00000000eb2dc660,0x00000000eb300000)
  to   space 1536K, 0% used [0x00000000eb000000,0x00000000eb000000,0x00000000eb180000)
 ParOldGen       total 199680K, used 199593K [0x00000000c0000000, 0x00000000cc300000, 0x00000000eab00000)
  object space 199680K, 99% used [0x00000000c0000000,0x00000000cc2ea540,0x00000000cc300000)
 Metaspace       used 49333K, committed 50560K, reserved 1114112K
  class space    used 5169K, committed 5696K, reserved 1048576K
}
Event: 16.168 GC heap before
{Heap before GC invocations=107 (full 2):
 PSYoungGen      total 6656K, used 6513K [0x00000000eab00000, 0x00000000eb300000, 0x0000000100000000)
  eden space 5120K, 100% used [0x00000000eab00000,0x00000000eb000000,0x00000000eb000000)
  from space 1536K, 90% used [0x00000000eb180000,0x00000000eb2dc660,0x00000000eb300000)
  to   space 1536K, 0% used [0x00000000eb000000,0x00000000eb000000,0x00000000eb180000)
 ParOldGen       total 199680K, used 199593K [0x00000000c0000000, 0x00000000cc300000, 0x00000000eab00000)
  object space 199680K, 99% used [0x00000000c0000000,0x00000000cc2ea540,0x00000000cc300000)
 Metaspace       used 49333K, committed 50560K, reserved 1114112K
  class space    used 5169K, committed 5696K, reserved 1048576K
}

